d:\project\spin\heaterbeat\spiheartbeat\client\qtindustrialclient\qtindust.276a30ab\x64\debug\plotdialog.obj
d:\project\spin\heaterbeat\spiheartbeat\client\qtindustrialclient\qtindust.276a30ab\x64\debug\parameterfiltermodel.obj
d:\project\spin\heaterbeat\spiheartbeat\client\qtindustrialclient\qtindust.276a30ab\x64\debug\mainwindow.obj
d:\project\spin\heaterbeat\spiheartbeat\client\qtindustrialclient\qtindust.276a30ab\x64\debug\networkservice.obj
d:\project\spin\heaterbeat\spiheartbeat\client\qtindustrialclient\qtindust.276a30ab\x64\debug\protocolconfigpage.obj
d:\project\spin\heaterbeat\spiheartbeat\client\qtindustrialclient\qtindust.276a30ab\x64\debug\serfplot.obj
d:\project\spin\heaterbeat\spiheartbeat\client\qtindustrialclient\qtindust.276a30ab\x64\debug\connectionconfigpage.obj
d:\project\spin\heaterbeat\spiheartbeat\client\qtindustrialclient\qtindust.276a30ab\x64\debug\serialservice.obj
d:\project\spin\heaterbeat\spiheartbeat\client\qtindustrialclient\qtindust.276a30ab\x64\debug\comboboxdelegate.obj
d:\project\spin\heaterbeat\spiheartbeat\client\qtindustrialclient\qtindust.276a30ab\x64\debug\commandoperationpage.obj
d:\project\spin\heaterbeat\spiheartbeat\client\qtindustrialclient\qtindust.276a30ab\x64\debug\itemtracer.obj
d:\project\spin\heaterbeat\spiheartbeat\client\qtindustrialclient\qtindust.276a30ab\x64\debug\qcustomplot.obj
d:\project\spin\heaterbeat\spiheartbeat\client\qtindustrialclient\qtindust.276a30ab\x64\debug\legendplot.obj
d:\project\spin\heaterbeat\spiheartbeat\client\qtindustrialclient\qtindust.276a30ab\x64\debug\main.obj
d:\project\spin\heaterbeat\spiheartbeat\client\qtindustrialclient\qtindust.276a30ab\x64\debug\addprotocoldialog.obj
d:\project\spin\heaterbeat\spiheartbeat\client\qtindustrialclient\qtindust.276a30ab\x64\debug\protocolparser.obj
d:\project\spin\heaterbeat\spiheartbeat\client\qtindustrialclient\qtindust.276a30ab\x64\debug\actionbuttondelegate.obj
d:\project\spin\heaterbeat\spiheartbeat\client\qtindustrialclient\qtindust.276a30ab\x64\debug\parametertablemodel.obj
d:\project\spin\heaterbeat\spiheartbeat\client\qtindustrialclient\qtindust.276a30ab\x64\debug\parameterpage.obj
d:\project\spin\heaterbeat\spiheartbeat\client\qtindustrialclient\qtindust.276a30ab\x64\debug\qcptooltip.obj
d:\project\spin\heaterbeat\spiheartbeat\client\qtindustrialclient\qtindust.276a30ab\x64\debug\configservice.obj
d:\project\spin\heaterbeat\spiheartbeat\client\qtindustrialclient\qtindust.276a30ab\x64\debug\addmainorderdialog.obj
d:\project\spin\heaterbeat\spiheartbeat\client\qtindustrialclient\qtindust.276a30ab\x64\debug\vc145.pdb
d:\project\spin\heaterbeat\spiheartbeat\client\qtindustrialclient\qtindust.276a30ab\x64\debug\moc_protocolconfigpage.obj
d:\project\spin\heaterbeat\spiheartbeat\client\qtindustrialclient\qtindust.276a30ab\x64\debug\moc_qcptooltip.obj
d:\project\spin\heaterbeat\spiheartbeat\client\qtindustrialclient\qtindust.276a30ab\x64\debug\moc_serfplot.obj
d:\project\spin\heaterbeat\spiheartbeat\client\qtindustrialclient\qtindust.276a30ab\x64\debug\moc_addmainorderdialog.obj
d:\project\spin\heaterbeat\spiheartbeat\client\qtindustrialclient\qtindust.276a30ab\x64\debug\moc_addprotocoldialog.obj
d:\project\spin\heaterbeat\spiheartbeat\client\qtindustrialclient\qtindust.276a30ab\x64\debug\moc_plotdialog.obj
d:\project\spin\heaterbeat\spiheartbeat\client\qtindustrialclient\qtindust.276a30ab\x64\debug\moc_qcustomplot.obj
d:\project\spin\heaterbeat\spiheartbeat\client\qtindustrialclient\qtindust.276a30ab\x64\debug\moc_comboboxdelegate.obj
d:\project\spin\heaterbeat\spiheartbeat\client\qtindustrialclient\qtindust.276a30ab\x64\debug\moc_itemtracer.obj
d:\project\spin\heaterbeat\spiheartbeat\client\qtindustrialclient\qtindust.276a30ab\x64\debug\moc_legendplot.obj
d:\project\spin\heaterbeat\spiheartbeat\client\qtindustrialclient\qtindust.276a30ab\x64\debug\axistag.obj
d:\project\spin\heaterbeat\spiheartbeat\client\qtindustrialclient\qtindust.276a30ab\x64\debug\vc145.idb
c:\$recycle.bin\s-1-5-21-1948209750-925814785-2380378008-1001\$i335hkf
c:\$recycle.bin\s-1-5-21-1948209750-925814785-2380378008-1001\$i5zsmxd
c:\$recycle.bin\s-1-5-21-1948209750-925814785-2380378008-1001\$ihq2gxe
c:\$recycle.bin\s-1-5-21-1948209750-925814785-2380378008-1001\$isnlble
c:\$recycle.bin\s-1-5-21-1948209750-925814785-2380378008-1001\$i4ipjsd
c:\$recycle.bin\s-1-5-21-1948209750-925814785-2380378008-1001\$i40wxi4
c:\$recycle.bin\s-1-5-21-1948209750-925814785-2380378008-1001\$ifpc86z
c:\$recycle.bin\s-1-5-21-1948209750-925814785-2380378008-1001\$ibgfv1i
c:\$recycle.bin\s-1-5-21-1948209750-925814785-2380378008-1001\$ic98pub
c:\$recycle.bin\s-1-5-21-1948209750-925814785-2380378008-1001\$iq8ikx3
c:\$recycle.bin\s-1-5-21-1948209750-925814785-2380378008-1001\$iumcri0
c:\$recycle.bin\s-1-5-21-1948209750-925814785-2380378008-1001\$iqzw859
c:\$recycle.bin\s-1-5-21-1948209750-925814785-2380378008-1001\$ir7vn7o
c:\$recycle.bin\s-1-5-21-1948209750-925814785-2380378008-1001\$i1di2n7
c:\$recycle.bin\s-1-5-21-1948209750-925814785-2380378008-1001\$id9gg85
c:\$recycle.bin\s-1-5-21-1948209750-925814785-2380378008-1001\$irgr7kf
c:\$recycle.bin\s-1-5-21-1948209750-925814785-2380378008-1001\$i251sys
c:\$recycle.bin\s-1-5-21-1948209750-925814785-2380378008-1001\$i6gs1s2
c:\$recycle.bin\s-1-5-21-1948209750-925814785-2380378008-1001\$ihzhosh
c:\$recycle.bin\s-1-5-21-1948209750-925814785-2380378008-1001\$i8vk3sq
c:\$recycle.bin\s-1-5-21-1948209750-925814785-2380378008-1001\$i9b9kqa
c:\$recycle.bin\s-1-5-21-1948209750-925814785-2380378008-1001\$imqbdrj
c:\$recycle.bin\s-1-5-21-1948209750-925814785-2380378008-1001\$ihxxmto
c:\$recycle.bin\s-1-5-21-1948209750-925814785-2380378008-1001\$ivefecy
c:\$recycle.bin\s-1-5-21-1948209750-925814785-2380378008-1001\$iyfbd3t
c:\$recycle.bin\s-1-5-21-1948209750-925814785-2380378008-1001\$izf90hw
c:\$recycle.bin\s-1-5-21-1948209750-925814785-2380378008-1001\$il8ljot
c:\$recycle.bin\s-1-5-21-1948209750-925814785-2380378008-1001\$in5h8qz
c:\$recycle.bin\s-1-5-21-1948209750-925814785-2380378008-1001\$isrjedz
c:\$recycle.bin\s-1-5-21-1948209750-925814785-2380378008-1001\$im5fuma
c:\$recycle.bin\s-1-5-21-1948209750-925814785-2380378008-1001\$i9n21gv
c:\$recycle.bin\s-1-5-21-1948209750-925814785-2380378008-1001\$ioixr6v
c:\$recycle.bin\s-1-5-21-1948209750-925814785-2380378008-1001\$ibjgwci
c:\$recycle.bin\s-1-5-21-1948209750-925814785-2380378008-1001\$iqrbeab
c:\$recycle.bin\s-1-5-21-1948209750-925814785-2380378008-1001\$ihcxcwd
c:\$recycle.bin\s-1-5-21-1948209750-925814785-2380378008-1001\$i0q5e5m
c:\$recycle.bin\s-1-5-21-1948209750-925814785-2380378008-1001\$imer3kp
c:\$recycle.bin\s-1-5-21-1948209750-925814785-2380378008-1001\$idinzdw
c:\$recycle.bin\s-1-5-21-1948209750-925814785-2380378008-1001\$i73vyf9
c:\$recycle.bin\s-1-5-21-1948209750-925814785-2380378008-1001\$ih45tqx
c:\$recycle.bin\s-1-5-21-1948209750-925814785-2380378008-1001\$i4j22ak
c:\$recycle.bin\s-1-5-21-1948209750-925814785-2380378008-1001\$ihdl9cj
c:\$recycle.bin\s-1-5-21-1948209750-925814785-2380378008-1001\$ig1biyj
c:\$recycle.bin\s-1-5-21-1948209750-925814785-2380378008-1001\$i66u534
c:\$recycle.bin\s-1-5-21-1948209750-925814785-2380378008-1001\$ioptgz6
c:\$recycle.bin\s-1-5-21-1948209750-925814785-2380378008-1001\$i7d0hrc
c:\$recycle.bin\s-1-5-21-1948209750-925814785-2380378008-1001\$i8xo0d4
c:\$recycle.bin\s-1-5-21-1948209750-925814785-2380378008-1001\$i99a2mt
c:\$recycle.bin\s-1-5-21-1948209750-925814785-2380378008-1001\$ijgghf1
c:\$recycle.bin\s-1-5-21-1948209750-925814785-2380378008-1001\$ibc60z0
c:\$recycle.bin\s-1-5-21-1948209750-925814785-2380378008-1001\$i3ediy0
c:\$recycle.bin\s-1-5-21-1948209750-925814785-2380378008-1001\$iiys39i
c:\$recycle.bin\s-1-5-21-1948209750-925814785-2380378008-1001\$itnwnfn
c:\$recycle.bin\s-1-5-21-1948209750-925814785-2380378008-1001\$ivrylft
c:\$recycle.bin\s-1-5-21-1948209750-925814785-2380378008-1001\$iwrq4rf
c:\$recycle.bin\s-1-5-21-1948209750-925814785-2380378008-1001\$iqw6ct9
c:\$recycle.bin\s-1-5-21-1948209750-925814785-2380378008-1001\$ilrd3rq
c:\$recycle.bin\s-1-5-21-1948209750-925814785-2380378008-1001\$i676s62
c:\$recycle.bin\s-1-5-21-1948209750-925814785-2380378008-1001\$iiun8ep
c:\$recycle.bin\s-1-5-21-1948209750-925814785-2380378008-1001\$io8p9au
c:\$recycle.bin\s-1-5-21-1948209750-925814785-2380378008-1001\$ihnv7me
c:\$recycle.bin\s-1-5-21-1948209750-925814785-2380378008-1001\$i71c9hw
c:\$recycle.bin\s-1-5-21-1948209750-925814785-2380378008-1001\$iclh7v2
c:\$recycle.bin\s-1-5-21-1948209750-925814785-2380378008-1001\$imvbkh7
c:\$recycle.bin\s-1-5-21-1948209750-925814785-2380378008-1001\$iq84s2s
c:\$recycle.bin\s-1-5-21-1948209750-925814785-2380378008-1001\$idlog8c
c:\$recycle.bin\s-1-5-21-1948209750-925814785-2380378008-1001\$ins6s68
c:\$recycle.bin\s-1-5-21-1948209750-925814785-2380378008-1001\$i7x1tkj
c:\$recycle.bin\s-1-5-21-1948209750-925814785-2380378008-1001\$ion11xm
c:\$recycle.bin\s-1-5-21-1948209750-925814785-2380378008-1001\$iujwo3x
c:\$recycle.bin\s-1-5-21-1948209750-925814785-2380378008-1001\$iabkj0y
c:\$recycle.bin\s-1-5-21-1948209750-925814785-2380378008-1001\$idp9769
c:\$recycle.bin\s-1-5-21-1948209750-925814785-2380378008-1001\$iee2j6d
c:\$recycle.bin\s-1-5-21-1948209750-925814785-2380378008-1001\$icue8ul
c:\$recycle.bin\s-1-5-21-1948209750-925814785-2380378008-1001\$i86ik9z
c:\$recycle.bin\s-1-5-21-1948209750-925814785-2380378008-1001\$i5owu7e
c:\$recycle.bin\s-1-5-21-1948209750-925814785-2380378008-1001\$iarjskm
c:\$recycle.bin\s-1-5-21-1948209750-925814785-2380378008-1001\$isomxgq
c:\$recycle.bin\s-1-5-21-1948209750-925814785-2380378008-1001\$ifz1yg7
c:\$recycle.bin\s-1-5-21-1948209750-925814785-2380378008-1001\$i6rbygp
c:\$recycle.bin\s-1-5-21-1948209750-925814785-2380378008-1001\$itnk9t1
c:\$recycle.bin\s-1-5-21-1948209750-925814785-2380378008-1001\$ij79dj9
c:\$recycle.bin\s-1-5-21-1948209750-925814785-2380378008-1001\$ijmagdc
c:\$recycle.bin\s-1-5-21-1948209750-925814785-2380378008-1001\$ijrml5s
c:\$recycle.bin\s-1-5-21-1948209750-925814785-2380378008-1001\$i8i6g0j
c:\$recycle.bin\s-1-5-21-1948209750-925814785-2380378008-1001\$ivxe9x7
c:\$recycle.bin\s-1-5-21-1948209750-925814785-2380378008-1001\$iy45q4s
c:\$recycle.bin\s-1-5-21-1948209750-925814785-2380378008-1001\$icrza29
c:\$recycle.bin\s-1-5-21-1948209750-925814785-2380378008-1001\$i75js3a
c:\$recycle.bin\s-1-5-21-1948209750-925814785-2380378008-1001\$iug59co
c:\$recycle.bin\s-1-5-21-1948209750-925814785-2380378008-1001\$i83o8a9
c:\$recycle.bin\s-1-5-21-1948209750-925814785-2380378008-1001\$ib2270b
c:\$recycle.bin\s-1-5-21-1948209750-925814785-2380378008-1001\$if1hrvk
c:\$recycle.bin\s-1-5-21-1948209750-925814785-2380378008-1001\$i7fn7ux
c:\$recycle.bin\s-1-5-21-1948209750-925814785-2380378008-1001\$i8nvynw
c:\$recycle.bin\s-1-5-21-1948209750-925814785-2380378008-1001\$ipeb7s8
c:\$recycle.bin\s-1-5-21-1948209750-925814785-2380378008-1001\$ih048wj
c:\$recycle.bin\s-1-5-21-1948209750-925814785-2380378008-1001\$i7c344m
c:\$recycle.bin\s-1-5-21-1948209750-925814785-2380378008-1001\$ipfa1pv
c:\$recycle.bin\s-1-5-21-1948209750-925814785-2380378008-1001\$iop56d7
c:\$recycle.bin\s-1-5-21-1948209750-925814785-2380378008-1001\$i3liipn
c:\$recycle.bin\s-1-5-21-1948209750-925814785-2380378008-1001\$iqtijdx
c:\$recycle.bin\s-1-5-21-1948209750-925814785-2380378008-1001\$ia4pkb6
c:\$recycle.bin\s-1-5-21-1948209750-925814785-2380378008-1001\$ipgq8ku
c:\$recycle.bin\s-1-5-21-1948209750-925814785-2380378008-1001\$ij5vvvu
c:\$recycle.bin\s-1-5-21-1948209750-925814785-2380378008-1001\$i7gmdb3
c:\$recycle.bin\s-1-5-21-1948209750-925814785-2380378008-1001\$itxptfv
c:\$recycle.bin\s-1-5-21-1948209750-925814785-2380378008-1001\$i9myr3s
c:\$recycle.bin\s-1-5-21-1948209750-925814785-2380378008-1001\$i6glg22
c:\$recycle.bin\s-1-5-21-1948209750-925814785-2380378008-1001\$iy5sy0e
c:\$recycle.bin\s-1-5-21-1948209750-925814785-2380378008-1001\$il377mo
c:\$recycle.bin\s-1-5-21-1948209750-925814785-2380378008-1001\$ij5o0vj
c:\$recycle.bin\s-1-5-21-1948209750-925814785-2380378008-1001\$iq1osyk
c:\$recycle.bin\s-1-5-21-1948209750-925814785-2380378008-1001\$is7hmtz
c:\$recycle.bin\s-1-5-21-1948209750-925814785-2380378008-1001\$iysyi85
c:\$recycle.bin\s-1-5-21-1948209750-925814785-2380378008-1001\$i4mi7q7
c:\$recycle.bin\s-1-5-21-1948209750-925814785-2380378008-1001\$i292wun
c:\$recycle.bin\s-1-5-21-1948209750-925814785-2380378008-1001\$icrhs6e
c:\$recycle.bin\s-1-5-21-1948209750-925814785-2380378008-1001\$i0bj7g6
c:\$recycle.bin\s-1-5-21-1948209750-925814785-2380378008-1001\$i7naam6
c:\$recycle.bin\s-1-5-21-1948209750-925814785-2380378008-1001\$ikr519i
c:\$recycle.bin\s-1-5-21-1948209750-925814785-2380378008-1001\$imwv39f
c:\$recycle.bin\s-1-5-21-1948209750-925814785-2380378008-1001\$i2entq9
c:\$recycle.bin\s-1-5-21-1948209750-925814785-2380378008-1001\$izc2551
c:\$recycle.bin\s-1-5-21-1948209750-925814785-2380378008-1001\$iffn5by
c:\$recycle.bin\s-1-5-21-1948209750-925814785-2380378008-1001\$ifepvox
c:\$recycle.bin\s-1-5-21-1948209750-925814785-2380378008-1001\$iphvwaf
c:\$recycle.bin\s-1-5-21-1948209750-925814785-2380378008-1001\$i9nz1ee
c:\$recycle.bin\s-1-5-21-1948209750-925814785-2380378008-1001\$i1bb2ex
c:\$recycle.bin\s-1-5-21-1948209750-925814785-2380378008-1001\$inq6nk6
c:\$recycle.bin\s-1-5-21-1948209750-925814785-2380378008-1001\$i2y7opy
c:\$recycle.bin\s-1-5-21-1948209750-925814785-2380378008-1001\$indvgw7
c:\$recycle.bin\s-1-5-21-1948209750-925814785-2380378008-1001\$i10yodp
c:\$recycle.bin\s-1-5-21-1948209750-925814785-2380378008-1001\$isi2wnr
c:\$recycle.bin\s-1-5-21-1948209750-925814785-2380378008-1001\$i9443sl
c:\$recycle.bin\s-1-5-21-1948209750-925814785-2380378008-1001\$izdv0w9
c:\$recycle.bin\s-1-5-21-1948209750-925814785-2380378008-1001\$igo1cvj
c:\$recycle.bin\s-1-5-21-1948209750-925814785-2380378008-1001\$ie6jw2r
c:\$recycle.bin\s-1-5-21-1948209750-925814785-2380378008-1001\$i8av4ob
c:\$recycle.bin\s-1-5-21-1948209750-925814785-2380378008-1001\$iod3q58
c:\$recycle.bin\s-1-5-21-1948209750-925814785-2380378008-1001\$i9u7vdb
c:\$recycle.bin\s-1-5-21-1948209750-925814785-2380378008-1001\$i71r4se
c:\$recycle.bin\s-1-5-21-1948209750-925814785-2380378008-1001\$ik92ysj
c:\$recycle.bin\s-1-5-21-1948209750-925814785-2380378008-1001\$ivjgrtj
c:\$recycle.bin\s-1-5-21-1948209750-925814785-2380378008-1001\$ii7pqx5
c:\$recycle.bin\s-1-5-21-1948209750-925814785-2380378008-1001\$ix4prh5
c:\$recycle.bin\s-1-5-21-1948209750-925814785-2380378008-1001\$ihuxwc4
c:\$recycle.bin\s-1-5-21-1948209750-925814785-2380378008-1001\$ivwnw8j
c:\$recycle.bin\s-1-5-21-1948209750-925814785-2380378008-1001\$ij2r37b
c:\$recycle.bin\s-1-5-21-1948209750-925814785-2380378008-1001\$iot5tqd
c:\$recycle.bin\s-1-5-21-1948209750-925814785-2380378008-1001\$ikrveb1
c:\$recycle.bin\s-1-5-21-1948209750-925814785-2380378008-1001\$ic9e81r
c:\$recycle.bin\s-1-5-21-1948209750-925814785-2380378008-1001\$ijxwbxp
c:\$recycle.bin\s-1-5-21-1948209750-925814785-2380378008-1001\$itmzrgs
c:\$recycle.bin\s-1-5-21-1948209750-925814785-2380378008-1001\$ihvq117
c:\$recycle.bin\s-1-5-21-1948209750-925814785-2380378008-1001\$i6nbmr6
c:\$recycle.bin\s-1-5-21-1948209750-925814785-2380378008-1001\$ib4ngz2
c:\$recycle.bin\s-1-5-21-1948209750-925814785-2380378008-1001\$i38z9qs
c:\$recycle.bin\s-1-5-21-1948209750-925814785-2380378008-1001\$i0a7vtn
c:\$recycle.bin\s-1-5-21-1948209750-925814785-2380378008-1001\$ias0fe6
c:\$recycle.bin\s-1-5-21-1948209750-925814785-2380378008-1001\$iqpumzp
c:\$recycle.bin\s-1-5-21-1948209750-925814785-2380378008-1001\$inucw4i
c:\$recycle.bin\s-1-5-21-1948209750-925814785-2380378008-1001\$iovifpe
c:\$recycle.bin\s-1-5-21-1948209750-925814785-2380378008-1001\$iixus8m
c:\$recycle.bin\s-1-5-21-1948209750-925814785-2380378008-1001\$ijz7kkb
c:\$recycle.bin\s-1-5-21-1948209750-925814785-2380378008-1001\$iqw0ccj
c:\$recycle.bin\s-1-5-21-1948209750-925814785-2380378008-1001\$ipf0k1w
c:\$recycle.bin\s-1-5-21-1948209750-925814785-2380378008-1001\$i8zj85b
c:\$recycle.bin\s-1-5-21-1948209750-925814785-2380378008-1001\$iszssve
c:\$recycle.bin\s-1-5-21-1948209750-925814785-2380378008-1001\$i84vkar
c:\$recycle.bin\s-1-5-21-1948209750-925814785-2380378008-1001\$itp7s7q
c:\$recycle.bin\s-1-5-21-1948209750-925814785-2380378008-1001\$iwo74fq
c:\$recycle.bin\s-1-5-21-1948209750-925814785-2380378008-1001\$ia530fs
c:\$recycle.bin\s-1-5-21-1948209750-925814785-2380378008-1001\$i00882s
c:\$recycle.bin\s-1-5-21-1948209750-925814785-2380378008-1001\$imcwzaj
d:\project\spin\heaterbeat\spiheartbeat\client\qtindustrialclient\qtindust.276a30ab\x64\debug\qrc_qtindustrialclient.obj
c:\$recycle.bin\s-1-5-21-1948209750-925814785-2380378008-1001\$incpg4q
c:\$recycle.bin\s-1-5-21-1948209750-925814785-2380378008-1001\$i76kc42
c:\$recycle.bin\s-1-5-21-1948209750-925814785-2380378008-1001\$iv77m47
c:\$recycle.bin\s-1-5-21-1948209750-925814785-2380378008-1001\$i1ajnvi
c:\$recycle.bin\s-1-5-21-1948209750-925814785-2380378008-1001\$i526q9s
c:\$recycle.bin\s-1-5-21-1948209750-925814785-2380378008-1001\$im461b8
c:\$recycle.bin\s-1-5-21-1948209750-925814785-2380378008-1001\$ittaf26
c:\$recycle.bin\s-1-5-21-1948209750-925814785-2380378008-1001\$i624xgx
c:\$recycle.bin\s-1-5-21-1948209750-925814785-2380378008-1001\$iazsdpp
c:\$recycle.bin\s-1-5-21-1948209750-925814785-2380378008-1001\$ifm5m7u
c:\$recycle.bin\s-1-5-21-1948209750-925814785-2380378008-1001\$iu8ugpy
c:\$recycle.bin\s-1-5-21-1948209750-925814785-2380378008-1001\$i1maxx5
c:\$recycle.bin\s-1-5-21-1948209750-925814785-2380378008-1001\$in7do6a
c:\$recycle.bin\s-1-5-21-1948209750-925814785-2380378008-1001\$ii080ye
d:\project\spin\heaterbeat\spiheartbeat\client\qtindustrialclient\qtindust.276a30ab\x64\debug\moc_axistag.obj
c:\$recycle.bin\s-1-5-21-1948209750-925814785-2380378008-1001\$idnpzd8
c:\$recycle.bin\s-1-5-21-1948209750-925814785-2380378008-1001\$isr6k5n
c:\$recycle.bin\s-1-5-21-1948209750-925814785-2380378008-1001\$iqd2azd
c:\$recycle.bin\s-1-5-21-1948209750-925814785-2380378008-1001\$i98e3dl
c:\$recycle.bin\s-1-5-21-1948209750-925814785-2380378008-1001\$i0p677g
c:\$recycle.bin\s-1-5-21-1948209750-925814785-2380378008-1001\$ioy02lm
c:\$recycle.bin\s-1-5-21-1948209750-925814785-2380378008-1001\$izbqwil
c:\$recycle.bin\s-1-5-21-1948209750-925814785-2380378008-1001\$igp7eft
c:\$recycle.bin\s-1-5-21-1948209750-925814785-2380378008-1001\$irpx8s5
c:\$recycle.bin\s-1-5-21-1948209750-925814785-2380378008-1001\$ik5ls0p
c:\$recycle.bin\s-1-5-21-1948209750-925814785-2380378008-1001\$iamop31
c:\$recycle.bin\s-1-5-21-1948209750-925814785-2380378008-1001\$i0r2svx
c:\$recycle.bin\s-1-5-21-1948209750-925814785-2380378008-1001\$iotbzoj
c:\$recycle.bin\s-1-5-21-1948209750-925814785-2380378008-1001\$icozuwm
c:\$recycle.bin\s-1-5-21-1948209750-925814785-2380378008-1001\$i8ky3ta
c:\$recycle.bin\s-1-5-21-1948209750-925814785-2380378008-1001\$i7em8mp
c:\$recycle.bin\s-1-5-21-1948209750-925814785-2380378008-1001\$iyufazi
c:\$recycle.bin\s-1-5-21-1948209750-925814785-2380378008-1001\$iauas90
c:\$recycle.bin\s-1-5-21-1948209750-925814785-2380378008-1001\$itmzxa4
c:\$recycle.bin\s-1-5-21-1948209750-925814785-2380378008-1001\$igpy88r
d:\project\spin\heaterbeat\spiheartbeat\client\qtindustrialclient\qtindust.276a30ab\x64\debug\moc_remarkcombodelegate.obj
d:\project\spin\heaterbeat\spiheartbeat\client\qtindustrialclient\qtindust.276a30ab\x64\debug\remarkcombodelegate.obj
d:\project\spin\heaterbeat\spiheartbeat\client\qtindustrialclient\qtindust.276a30ab\x64\debug\moc_connectionconfigpage.obj
d:\project\spin\heaterbeat\spiheartbeat\client\qtindustrialclient\qtindust.276a30ab\x64\debug\paramconfigpage.obj
d:\project\spin\heaterbeat\spiheartbeat\client\qtindustrialclient\qtindust.276a30ab\x64\debug\moc_paramconfigpage.obj
d:\project\spin\heaterbeat\spiheartbeat\client\qtindustrialclient\qtindust.276a30ab\x64\debug\connectionpage.obj
d:\project\spin\heaterbeat\spiheartbeat\client\qtindustrialclient\x64\debug\qtindustrialclient.exe
d:\project\spin\heaterbeat\spiheartbeat\client\qtindustrialclient\x64\debug\qtindustrialclient.pdb
d:\project\spin\heaterbeat\spiheartbeat\client\qtindustrialclient\qtindust.276a30ab\x64\debug\qt\moc\moc_paramconfigpage.cpp
d:\project\spin\heaterbeat\spiheartbeat\client\qtindustrialclient\qtindust.276a30ab\x64\debug\qt\moc\moc_connectionpage.cpp
d:\project\spin\heaterbeat\spiheartbeat\client\qtindustrialclient\qtindust.276a30ab\x64\debug\qt\uic\ui_legendplot.h
d:\project\spin\heaterbeat\spiheartbeat\client\qtindustrialclient\qtindust.276a30ab\x64\debug\qt\uic\ui_commandoperationpage.h
d:\project\spin\heaterbeat\spiheartbeat\client\qtindustrialclient\qtindust.276a30ab\x64\debug\qt\uic\ui_connectionconfigpage.h
d:\project\spin\heaterbeat\spiheartbeat\client\qtindustrialclient\qtindust.276a30ab\x64\debug\qt\uic\ui_mainwindow.h
d:\project\spin\heaterbeat\spiheartbeat\client\qtindustrialclient\qtindust.276a30ab\x64\debug\qt\uic\ui_protocolconfigpage.h
d:\project\spin\heaterbeat\spiheartbeat\client\qtindustrialclient\qtindust.276a30ab\x64\debug\qt\rcc\qrc_qtindustrialclient.cpp
d:\project\spin\heaterbeat\spiheartbeat\client\qtindustrialclient\qtindust.276a30ab\x64\debug\qt\moc\moc_itemtracer.cpp
d:\project\spin\heaterbeat\spiheartbeat\client\qtindustrialclient\qtindust.276a30ab\x64\debug\qt\moc\moc_legendplot.cpp
d:\project\spin\heaterbeat\spiheartbeat\client\qtindustrialclient\qtindust.276a30ab\x64\debug\qt\moc\moc_qcustomplot.cpp
d:\project\spin\heaterbeat\spiheartbeat\client\qtindustrialclient\qtindust.276a30ab\x64\debug\qt\moc\moc_serfplot.cpp
d:\project\spin\heaterbeat\spiheartbeat\client\qtindustrialclient\qtindust.276a30ab\x64\debug\qt\moc\moc_qcptooltip.cpp
d:\project\spin\heaterbeat\spiheartbeat\client\qtindustrialclient\qtindust.276a30ab\x64\debug\qt\moc\moc_addmainorderdialog.cpp
d:\project\spin\heaterbeat\spiheartbeat\client\qtindustrialclient\qtindust.276a30ab\x64\debug\qt\moc\moc_addprotocoldialog.cpp
d:\project\spin\heaterbeat\spiheartbeat\client\qtindustrialclient\qtindust.276a30ab\x64\debug\qt\moc\moc_plotdialog.cpp
d:\project\spin\heaterbeat\spiheartbeat\client\qtindustrialclient\qtindust.276a30ab\x64\debug\qt\moc\moc_comboboxdelegate.cpp
d:\project\spin\heaterbeat\spiheartbeat\client\qtindustrialclient\qtindust.276a30ab\x64\debug\qt\moc\moc_protocolconfigpage.cpp
d:\project\spin\heaterbeat\spiheartbeat\client\qtindustrialclient\qtindust.276a30ab\x64\debug\qt\uic\ui_plotdialog.h
d:\project\spin\heaterbeat\spiheartbeat\client\qtindustrialclient\qtindust.276a30ab\x64\debug\qt\moc\moc_axistag.cpp
d:\project\spin\heaterbeat\spiheartbeat\client\qtindustrialclient\qtindust.276a30ab\x64\debug\qt\moc\moc_remarkcombodelegate.cpp
d:\project\spin\heaterbeat\spiheartbeat\client\qtindustrialclient\qtindust.276a30ab\x64\debug\qt\moc\moc_connectionconfigpage.cpp
d:\project\spin\heaterbeat\spiheartbeat\client\qtindustrialclient\qtindust.276a30ab\x64\debug\qt\uic\ui_paramconfigpage.h
d:\project\spin\heaterbeat\spiheartbeat\client\qtindustrialclient\qtindust.276a30ab\x64\debug\qt\uic\ui_connectionpage.h
d:\project\spin\heaterbeat\spiheartbeat\client\qtindustrialclient\qtindust.276a30ab\x64\debug\qtindustrialclient.ilk
d:\project\spin\heaterbeat\spiheartbeat\client\qtindustrialclient\qtindust.276a30ab\x64\debug\qtindust.276a30ab.tlog\cl.command.1.tlog
d:\project\spin\heaterbeat\spiheartbeat\client\qtindustrialclient\qtindust.276a30ab\x64\debug\qtindust.276a30ab.tlog\cl.items.tlog
d:\project\spin\heaterbeat\spiheartbeat\client\qtindustrialclient\qtindust.276a30ab\x64\debug\qtindust.276a30ab.tlog\cl.read.1.tlog
d:\project\spin\heaterbeat\spiheartbeat\client\qtindustrialclient\qtindust.276a30ab\x64\debug\qtindust.276a30ab.tlog\cl.write.1.tlog
d:\project\spin\heaterbeat\spiheartbeat\client\qtindustrialclient\qtindust.276a30ab\x64\debug\qtindust.276a30ab.tlog\link.command.1.tlog
d:\project\spin\heaterbeat\spiheartbeat\client\qtindustrialclient\qtindust.276a30ab\x64\debug\qtindust.276a30ab.tlog\link.read.1.tlog
d:\project\spin\heaterbeat\spiheartbeat\client\qtindustrialclient\qtindust.276a30ab\x64\debug\qtindust.276a30ab.tlog\link.secondary.1.tlog
d:\project\spin\heaterbeat\spiheartbeat\client\qtindustrialclient\qtindust.276a30ab\x64\debug\qtindust.276a30ab.tlog\link.write.1.tlog
d:\project\spin\heaterbeat\spiheartbeat\client\qtindustrialclient\qtindust.276a30ab\x64\debug\qtindust.276a30ab.tlog\moc.read.1u.tlog
d:\project\spin\heaterbeat\spiheartbeat\client\qtindustrialclient\qtindust.276a30ab\x64\debug\qtindust.276a30ab.tlog\moc.write.1u.tlog
d:\project\spin\heaterbeat\spiheartbeat\client\qtindustrialclient\qtindust.276a30ab\x64\debug\qtindust.276a30ab.tlog\qtindustrialclient.write.1u.tlog
d:\project\spin\heaterbeat\spiheartbeat\client\qtindustrialclient\qtindust.276a30ab\x64\debug\qtindust.276a30ab.tlog\rcc.read.1u.tlog
d:\project\spin\heaterbeat\spiheartbeat\client\qtindustrialclient\qtindust.276a30ab\x64\debug\qtindust.276a30ab.tlog\rcc.write.1u.tlog
d:\project\spin\heaterbeat\spiheartbeat\client\qtindustrialclient\qtindust.276a30ab\x64\debug\qtindust.276a30ab.tlog\uic.read.1u.tlog
d:\project\spin\heaterbeat\spiheartbeat\client\qtindustrialclient\qtindust.276a30ab\x64\debug\qtindust.276a30ab.tlog\uic.write.1u.tlog
